{"C:\\Workspace\\pgats\\04 - Trabalho Final\\src\\ServicoDePagamento.js":{"path":"C:\\Workspace\\pgats\\04 - Trabalho Final\\src\\ServicoDePagamento.js","statementMap":{"0":{"start":{"line":3,"column":4},"end":{"line":3,"column":26}},"1":{"start":{"line":7,"column":22},"end":{"line":12,"column":5}},"2":{"start":{"line":13,"column":4},"end":{"line":13,"column":37}},"3":{"start":{"line":17,"column":4},"end":{"line":19,"column":5}},"4":{"start":{"line":18,"column":6},"end":{"line":18,"column":18}},"5":{"start":{"line":20,"column":4},"end":{"line":20,"column":57}},"6":{"start":{"line":24,"column":0},"end":{"line":24,"column":36}}},"fnMap":{"0":{"name":"(anonymous_0)","decl":{"start":{"line":2,"column":2},"end":{"line":2,"column":3}},"loc":{"start":{"line":2,"column":16},"end":{"line":4,"column":3}},"line":2},"1":{"name":"(anonymous_1)","decl":{"start":{"line":6,"column":2},"end":{"line":6,"column":3}},"loc":{"start":{"line":6,"column":38},"end":{"line":14,"column":3}},"line":6},"2":{"name":"(anonymous_2)","decl":{"start":{"line":16,"column":2},"end":{"line":16,"column":3}},"loc":{"start":{"line":16,"column":29},"end":{"line":21,"column":3}},"line":16}},"branchMap":{"0":{"loc":{"start":{"line":11,"column":17},"end":{"line":11,"column":51}},"type":"cond-expr","locations":[{"start":{"line":11,"column":34},"end":{"line":11,"column":40}},{"start":{"line":11,"column":43},"end":{"line":11,"column":51}}],"line":11},"1":{"loc":{"start":{"line":17,"column":4},"end":{"line":19,"column":5}},"type":"if","locations":[{"start":{"line":17,"column":4},"end":{"line":19,"column":5}},{"start":{},"end":{}}],"line":17}},"s":{"0":7,"1":9,"2":9,"3":7,"4":1,"5":6,"6":1},"f":{"0":7,"1":9,"2":7},"b":{"0":[4,5],"1":[1,6]},"_coverageSchema":"1a1c01bbd47fc00a2c39e90264f33305004495a9","hash":"29fdf3797c659deaad6f48d8bc6f3e39bced9194","contentHash":"98b52bc4cfb93cf190ac6e7561a0f0d63078fa0d892b9b99c3153e095447c102"}}